<?xml version="1.0" encoding="UTF-8"?>
<!-- Generated by org.testng.reporters.JUnitReportReporter -->
<testsuite skipped="0" hostname="Narendra-PC" name="keyword.test.Test1" tests="2" failures="0" timestamp="6 Apr 2021 07:26:20 GMT" time="139.257" errors="0">
  <testcase name="Dashboard" time="68.715" classname="keyword.test.Test1"/>
  <testcase name="loginTest" time="70.542" classname="keyword.test.Test1"/>
</testsuite> <!-- keyword.test.Test1 -->
